<?xml version="1.0" encoding="UTF-8"?>
<testsuite xmlns:xsi="http://www.w3.org/2001/XMLSchema-instance" xsi:noNamespaceSchemaLocation="https://maven.apache.org/surefire/maven-surefire-plugin/xsd/surefire-test-report-3.0.xsd" version="3.0" name="strings.CountStringsTest" time="0.04" tests="3" errors="0" skipped="0" failures="0">
  <properties>
[...]
</properties>
  <testcase name="shouldFillTheList" classname="strings.CountStringsTest" time="0.008">
    <system-out><![CDATA[Write something and then enter "stop":
]]></system-out>
  </testcase>
  <testcase name="shouldGetTwoStrings" classname="strings.CountStringsTest" time="0.008"/>
  <testcase name="shouldCountStrings" classname="strings.CountStringsTest" time="0.008"/>
</testsuite>